Vishruth/expense_track_vish/build/app/intermediates/manifest_merge_blame_file/debug/manifest-merger-blame-debug-report.txt
1<?xml version="1.0" encoding="utf-8"?>
2<manifest xmlns:android="http://schemas.android.com/apk/res/android"
3    package="com.example.expense_track_vish"
4    android:versionCode="1"
5    android:versionName="1.0.0" >
6
7    <uses-sdk
8        android:minSdkVersion="21"
9        android:targetSdkVersion="29" />
10    <!--
11         Flutter needs it to communicate with the running application
12         to allow setting breakpoints, to provide hot reload, etc.
13    -->
14    <uses-permission android:name="android.permission.INTERNET" />
14-->src\main\AndroidManifest.xml:10:5-67
14-->src\main\AndroidManifest.xml:10:22-64
15    <!--
16     io.flutter.app.FlutterApplication is an android.app.Application that
17         calls FlutterMain.startInitialization(this); in its onCreate method.
18         In most cases you can leave this as-is, but you if you want to provide
19         additional functionality it is fine to subclass or reimplement
20         FlutterApplication and put your custom class here.
21    -->
22    <uses-permission android:name="android.permission.RECORD_AUDIO" />
22-->src\main\AndroidManifest.xml:9:5-71
22-->src\main\AndroidManifest.xml:9:22-68
23    <uses-permission android:name="android.permission.READ_EXTERNAL_STORAGE" />
23-->[:image_picker] AndroidManifest.xml:7:5-80
23-->[:image_picker] AndroidManifest.xml:7:22-77
24    <uses-permission android:name="android.permission.WRITE_EXTERNAL_STORAGE" />
24-->[:image_picker] AndroidManifest.xml:8:5-81
24-->[:image_picker] AndroidManifest.xml:8:22-78
25
26    <application
26-->src\main\AndroidManifest.xml:12:5-51:19
27        android:name="io.flutter.app.FlutterApplication"
27-->src\main\AndroidManifest.xml:13:9-57
28        android:appComponentFactory="androidx.core.app.CoreComponentFactory"
28-->[androidx.core:core:1.1.0] AndroidManifest.xml:24:18-86
29        android:debuggable="true"
30        android:icon="@mipmap/ic_launcher"
30-->src\main\AndroidManifest.xml:15:9-43
31        android:label="expense_track_vish"
31-->src\main\AndroidManifest.xml:14:9-43
32        android:requestLegacyExternalStorage="true" >
32-->src\main\AndroidManifest.xml:16:9-52
33        <activity
33-->src\main\AndroidManifest.xml:17:9-45:20
34            android:name="com.example.expense_track_vish.MainActivity"
34-->src\main\AndroidManifest.xml:18:13-41
35            android:configChanges="orientation|keyboardHidden|keyboard|screenSize|smallestScreenSize|locale|layoutDirection|fontScale|screenLayout|density|uiMode"
35-->src\main\AndroidManifest.xml:21:13-163
36            android:hardwareAccelerated="true"
36-->src\main\AndroidManifest.xml:22:13-47
37            android:launchMode="singleTop"
37-->src\main\AndroidManifest.xml:19:13-43
38            android:theme="@style/LaunchTheme"
38-->src\main\AndroidManifest.xml:20:13-47
39            android:windowSoftInputMode="adjustResize" >
39-->src\main\AndroidManifest.xml:23:13-55
40
41            <!--
42                 Specifies an Android theme to apply to this Activity as soon as
43                 the Android process has started. This theme is visible to the user
44                 while the Flutter UI initializes. After that, this theme continues
45                 to determine the Window background behind the Flutter UI.
46            -->
47            <meta-data
47-->src\main\AndroidManifest.xml:28:13-31:17
48                android:name="io.flutter.embedding.android.NormalTheme"
48-->src\main\AndroidManifest.xml:29:15-70
49                android:resource="@style/NormalTheme" />
49-->src\main\AndroidManifest.xml:30:15-52
50            <!--
51                 Displays an Android View that continues showing the launch screen
52                 Drawable until Flutter paints its first frame, then this splash
53                 screen fades out. A splash screen is useful to avoid any visual
54                 gap between the end of Android's launch screen and the painting of
55                 Flutter's first frame.
56            -->
57            <meta-data
57-->src\main\AndroidManifest.xml:37:13-40:17
58                android:name="io.flutter.embedding.android.SplashScreenDrawable"
58-->src\main\AndroidManifest.xml:38:15-79
59                android:resource="@drawable/launch_background" />
59-->src\main\AndroidManifest.xml:39:15-61
60
61            <intent-filter>
61-->src\main\AndroidManifest.xml:41:13-44:29
62                <action android:name="android.intent.action.MAIN" />
62-->src\main\AndroidManifest.xml:42:17-68
62-->src\main\AndroidManifest.xml:42:25-66
63
64                <category android:name="android.intent.category.LAUNCHER" />
64-->src\main\AndroidManifest.xml:43:17-76
64-->src\main\AndroidManifest.xml:43:27-74
65            </intent-filter>
66        </activity>
67        <!--
68             Don't delete the meta-data below.
69             This is used by the Flutter tool to generate GeneratedPluginRegistrant.java
70        -->
71        <meta-data
71-->src\main\AndroidManifest.xml:48:9-50:33
72            android:name="flutterEmbedding"
72-->src\main\AndroidManifest.xml:49:13-44
73            android:value="2" />
73-->src\main\AndroidManifest.xml:50:13-30
74
75        <provider
75-->[:image_picker] AndroidManifest.xml:11:9-19:20
76            android:name="io.flutter.plugins.imagepicker.ImagePickerFileProvider"
76-->[:image_picker] AndroidManifest.xml:12:13-82
77            android:authorities="com.example.expense_track_vish.flutter.image_provider"
77-->[:image_picker] AndroidManifest.xml:13:13-74
78            android:exported="false"
78-->[:image_picker] AndroidManifest.xml:14:13-37
79            android:grantUriPermissions="true" >
79-->[:image_picker] AndroidManifest.xml:15:13-47
80            <meta-data
80-->[:image_picker] AndroidManifest.xml:16:13-18:75
81                android:name="android.support.FILE_PROVIDER_PATHS"
81-->[:image_picker] AndroidManifest.xml:17:17-67
82                android:resource="@xml/flutter_image_picker_file_paths" />
82-->[:image_picker] AndroidManifest.xml:18:17-72
83        </provider>
84    </application>
85
86</manifest>